<?xml version="1.0" encoding="UTF-8"?>
<!-- Generated by org.testng.reporters.JUnitXMLReporter -->
<testsuite ignored="0" hostname="DESKTOP-NC6MQ45" failures="3" tests="3" name="Test_t2" time="0.072" errors="0" timestamp="2025-12-12T12:48:28 IST">
  <testcase classname="contactsTab.ContactScenariosTest" name="contwithOrg" time="0.011">
    <failure type="java.lang.NumberFormatException" message="For input string: &amp;quot;chrome&amp;quot;">
      <![CDATA[java.lang.NumberFormatException: For input string: "chrome"
at java.base/java.lang.NumberFormatException.forInputString(NumberFormatException.java:67)
at java.base/java.lang.Long.parseLong(Long.java:709)
at java.base/java.lang.Long.parseLong(Long.java:832)
at Utility.WebDriverUtilities.ImplicitWait(WebDriverUtilities.java:162)
at contactsTab.ContactScenariosTest.contwithOrg(ContactScenariosTest.java:188)
at java.base/java.util.ArrayList.forEach(ArrayList.java:1596)
at java.base/java.util.concurrent.FutureTask.run(FutureTask.java:317)
at java.base/java.util.concurrent.ThreadPoolExecutor.runWorker(ThreadPoolExecutor.java:1144)
at java.base/java.util.concurrent.ThreadPoolExecutor$Worker.run(ThreadPoolExecutor.java:642)
at java.base/java.lang.Thread.run(Thread.java:1583)
... Removed 15 stack frames]]>
    </failure>
  </testcase> <!-- contwithOrg -->
  <testcase classname="contactsTab.ContactScenariosTest" name="contwithsuppDate" time="0.002">
    <failure type="java.lang.NullPointerException" message="Cannot invoke &amp;quot;org.openqa.selenium.WebDriver.manage()&amp;quot; because &amp;quot;wutil.driver&amp;quot; is null">
      <![CDATA[java.lang.NullPointerException: Cannot invoke "org.openqa.selenium.WebDriver.manage()" because "wutil.driver" is null
at contactsTab.ContactScenariosTest.contwithsuppDate(ContactScenariosTest.java:99)
at java.base/java.util.ArrayList.forEach(ArrayList.java:1596)
at java.base/java.util.concurrent.FutureTask.run(FutureTask.java:317)
at java.base/java.util.concurrent.ThreadPoolExecutor.runWorker(ThreadPoolExecutor.java:1144)
at java.base/java.util.concurrent.ThreadPoolExecutor$Worker.run(ThreadPoolExecutor.java:642)
at java.base/java.lang.Thread.run(Thread.java:1583)
... Removed 15 stack frames]]>
    </failure>
  </testcase> <!-- contwithsuppDate -->
  <testcase classname="contactsTab.ContactScenariosTest" name="createcon" time="0.002">
    <failure type="java.lang.NullPointerException" message="Cannot invoke &amp;quot;org.openqa.selenium.WebDriver.manage()&amp;quot; because &amp;quot;this.driver&amp;quot; is null">
      <![CDATA[java.lang.NullPointerException: Cannot invoke "org.openqa.selenium.WebDriver.manage()" because "this.driver" is null
at Utility.WebDriverUtilities.MaximizeThebrowser(WebDriverUtilities.java:60)
at contactsTab.ContactScenariosTest.createcon(ContactScenariosTest.java:41)
at java.base/java.util.ArrayList.forEach(ArrayList.java:1596)
at java.base/java.util.concurrent.FutureTask.run(FutureTask.java:317)
at java.base/java.util.concurrent.ThreadPoolExecutor.runWorker(ThreadPoolExecutor.java:1144)
at java.base/java.util.concurrent.ThreadPoolExecutor$Worker.run(ThreadPoolExecutor.java:642)
at java.base/java.lang.Thread.run(Thread.java:1583)
... Removed 15 stack frames]]>
    </failure>
  </testcase> <!-- createcon -->
</testsuite> <!-- Test_t2 -->
